------------------------------------------------------------------------------------------------------------------------

[2023-10-13 13:59:55 #1 store] 
Database 'C:\Users\unaif\git\Bets\src\main\resources\bets.temp' has been recovered (tr. 194-197)

[2023-10-13 13:59:55 #2 store] 
Database 'C:\Users\unaif\git\Bets\src\main\resources\bets.temp' is opened by 24756@Victus

[2023-10-13 13:59:55 #3 type] 
Type domain.User is not enhanced.

[2023-10-13 13:59:55 #4 type] 
Type domain.Bet is not enhanced.

[2023-10-13 13:59:55 #5 type] 
Type domain.Transaction is not enhanced.

[2023-10-13 13:59:55 #6 type] 
Type domain.Quote is not enhanced.

[2023-10-13 13:59:55 #7 type] 
Type domain.Question is not enhanced.

[2023-10-13 13:59:55 #8 type] 
Type domain.Event is not enhanced.

------------------------------------------------------------------------------------------------------------------------

[2023-10-13 14:00:01 #1 store] 
Database 'C:\Users\unaif\git\Bets\src\main\resources\bets.temp' has been recovered (tr. 198-201)

[2023-10-13 14:00:02 #2 store] 
Database 'C:\Users\unaif\git\Bets\src\main\resources\bets.temp' is opened by 4004@Victus

[2023-10-13 14:00:02 #3 type] 
Type domain.User is not enhanced.

[2023-10-13 14:00:02 #4 type] 
Type domain.Bet is not enhanced.

[2023-10-13 14:00:02 #5 type] 
Type domain.Transaction is not enhanced.

[2023-10-13 14:00:02 #6 type] 
Type domain.Quote is not enhanced.

[2023-10-13 14:00:02 #7 type] 
Type domain.Question is not enhanced.

[2023-10-13 14:00:02 #8 type] 
Type domain.Event is not enhanced.

